<?xml version="1.0" encoding="UTF-8"?>
<!-- Generated by org.testng.reporters.JUnitReportReporter -->
<testsuite hostname="santoshlavanya" name="testcases.Verifyloginpage" tests="1" failures="0" timestamp="13 Apr 2018 09:13:15 GMT" time="14.994" errors="0">
  <testcase name="testloginpage" time="14.994" classname="testcases.Verifyloginpage"/>
</testsuite> <!-- testcases.Verifyloginpage -->
