<?xml version="1.0" encoding="UTF-8"?>
<!-- Generated by org.testng.reporters.JUnitReportReporter -->
<testsuite hostname="santoshlavanya" name="webservices.Displayingthetable" tests="1" failures="0" timestamp="12 Apr 2018 12:46:29 GMT" time="0.196" errors="0">
  <testcase name="getdata" time="0.196" classname="webservices.Displayingthetable"/>
</testsuite> <!-- webservices.Displayingthetable -->
