<?xml version="1.0" encoding="UTF-8"?>
<!-- Generated by org.testng.reporters.JUnitReportReporter -->
<testsuite hostname="santoshlavanya" name="webservices.Verifythewebservice" tests="2" failures="0" timestamp="12 Apr 2018 11:14:54 GMT" time="2.131" errors="0">
  <testcase name="getdata" time="2.062" classname="webservices.Verifythewebservice"/>
  <testcase name="responsecode" time="0.069" classname="webservices.Verifythewebservice"/>
</testsuite> <!-- webservices.Verifythewebservice -->
