<?xml version="1.0" encoding="UTF-8"?>
<!-- Generated by org.testng.reporters.JUnitReportReporter -->
<testsuite hostname="santoshlavanya" name="testcases.Verifyloginpagewithreports" tests="1" failures="0" timestamp="13 Apr 2018 09:13:15 GMT" time="25.587" errors="0">
  <testcase name="testloginpage" time="25.587" classname="testcases.Verifyloginpagewithreports"/>
</testsuite> <!-- testcases.Verifyloginpagewithreports -->
