<?xml version="1.0" encoding="UTF-8"?>
<!-- Generated by org.testng.reporters.JUnitReportReporter -->
<testsuite hostname="santoshlavanya" name="testcases.Verifycurrencytable" tests="1" failures="0" timestamp="13 Apr 2018 09:13:15 GMT" time="16.217" errors="0">
  <testcase name="testcurrencytable" time="16.217" classname="testcases.Verifycurrencytable"/>
</testsuite> <!-- testcases.Verifycurrencytable -->
