<?xml version="1.0" encoding="UTF-8"?>
<!-- Generated by org.testng.reporters.JUnitReportReporter -->
<testsuite hostname="santoshlavanya" name="testcases.Verifyhomepage" tests="1" failures="0" timestamp="13 Apr 2018 09:13:15 GMT" time="6.250" errors="0">
  <testcase name="testhomepage" time="6.250" classname="testcases.Verifyhomepage"/>
</testsuite> <!-- testcases.Verifyhomepage -->
